<?xml version="1.0" encoding="UTF-8"?>
<!-- Generated by org.testng.reporters.JUnitXMLReporter -->
<testsuite ignored="0" hostname="DESKTOP-B64PC49" failures="4" tests="6" name="BankingApp Test" time="177.978" errors="0" timestamp="2025-09-10T10:56:48 IST">
  <testcase classname="com.vendget.testcases.TC_loginTest_001" name="loginTest" time="15.336"/>
  <testcase classname="com.vendget.testcases.TC_LoginDDT_002" name="loginDDT" time="24.891">
    <failure type="java.lang.AssertionError" message="expected [true] but found [false]">
      <![CDATA[java.lang.AssertionError: expected [true] but found [false]
at com.vendget.testcases.TC_LoginDDT_002.loginDDT(TC_LoginDDT_002.java:31)
at java.base/java.util.ArrayList.forEach(ArrayList.java:1596)
... Removed 29 stack frames]]>
    </failure>
  </testcase> <!-- loginDDT -->
  <testcase classname="com.vendget.testcases.TC_LoginDDT_002" name="loginDDT" time="5.19">
    <failure type="java.lang.AssertionError" message="expected [true] but found [false]">
      <![CDATA[java.lang.AssertionError: expected [true] but found [false]
at com.vendget.testcases.TC_LoginDDT_002.loginDDT(TC_LoginDDT_002.java:31)
at java.base/java.util.ArrayList.forEach(ArrayList.java:1596)
... Removed 29 stack frames]]>
    </failure>
  </testcase> <!-- loginDDT -->
  <testcase classname="com.vendget.testcases.TC_LoginDDT_002" name="loginDDT" time="7.04">
    <failure type="java.lang.AssertionError" message="expected [true] but found [false]">
      <![CDATA[java.lang.AssertionError: expected [true] but found [false]
at com.vendget.testcases.TC_LoginDDT_002.loginDDT(TC_LoginDDT_002.java:31)
at java.base/java.util.ArrayList.forEach(ArrayList.java:1596)
... Removed 29 stack frames]]>
    </failure>
  </testcase> <!-- loginDDT -->
  <testcase classname="com.vendget.testcases.TC_LoginDDT_002" name="loginDDT" time="17.204"/>
  <testcase classname="com.vendget.testcases.TC_AddCustomerTest_003" name="addNewCustomer" time="35.288">
    <failure type="java.lang.AssertionError" message="expected [true] but found [false]">
      <![CDATA[java.lang.AssertionError: expected [true] but found [false]
at com.vendget.testcases.TC_AddCustomerTest_003.addNewCustomer(TC_AddCustomerTest_003.java:56)
at java.base/java.util.ArrayList.forEach(ArrayList.java:1596)
... Removed 29 stack frames]]>
    </failure>
  </testcase> <!-- addNewCustomer -->
</testsuite> <!-- BankingApp Test -->
